<?xml version="1.0" encoding="UTF-8"?>
<testsuites>
  <testsuite name="/home/infy/cli/phpunit.xml" tests="49" assertions="102" errors="0" failures="0" skipped="0" time="2.022778">
    <testsuite name="Unit" tests="49" assertions="102" errors="0" failures="0" skipped="0" time="2.022778">
      <testsuite name="HighPerApp\HighPer\CLI\Tests\Unit\ApplicationTest" file="/home/infy/cli/tests/unit/ApplicationTest.php" tests="9" assertions="23" errors="0" failures="0" skipped="0" time="0.006411">
        <testcase name="testApplicationCreation" file="/home/infy/cli/tests/unit/ApplicationTest.php" line="23" class="HighPerApp\HighPer\CLI\Tests\Unit\ApplicationTest" classname="HighPerApp.HighPer.CLI.Tests.Unit.ApplicationTest" assertions="3" time="0.003345"/>
        <testcase name="testDefaultWorkerOptions" file="/home/infy/cli/tests/unit/ApplicationTest.php" line="69" class="HighPerApp\HighPer\CLI\Tests\Unit\ApplicationTest" classname="HighPerApp.HighPer.CLI.Tests.Unit.ApplicationTest" assertions="4" time="0.000316"/>
        <testcase name="testDefaultConfiguration" file="/home/infy/cli/tests/unit/ApplicationTest.php" line="83" class="HighPerApp\HighPer\CLI\Tests\Unit\ApplicationTest" classname="HighPerApp.HighPer.CLI.Tests.Unit.ApplicationTest" assertions="3" time="0.000231"/>
        <testcase name="testEnvironmentConfiguration" file="/home/infy/cli/tests/unit/ApplicationTest.php" line="92" class="HighPerApp\HighPer\CLI\Tests\Unit\ApplicationTest" classname="HighPerApp.HighPer.CLI.Tests.Unit.ApplicationTest" assertions="3" time="0.000207"/>
        <testcase name="testDiscoverCommandsWithInvalidDirectory" file="/home/infy/cli/tests/unit/ApplicationTest.php" line="109" class="HighPerApp\HighPer\CLI\Tests\Unit\ApplicationTest" classname="HighPerApp.HighPer.CLI.Tests.Unit.ApplicationTest" assertions="1" time="0.000245"/>
        <testcase name="testWorkerRegistration" file="/home/infy/cli/tests/unit/ApplicationTest.php" line="37" class="HighPerApp\HighPer\CLI\Tests\Unit\ApplicationTest" classname="HighPerApp.HighPer.CLI.Tests.Unit.ApplicationTest" assertions="3" time="0.000577"/>
        <testcase name="testGetNonExistentWorker" file="/home/infy/cli/tests/unit/ApplicationTest.php" line="50" class="HighPerApp\HighPer\CLI\Tests\Unit\ApplicationTest" classname="HighPerApp.HighPer.CLI.Tests.Unit.ApplicationTest" assertions="1" time="0.000422"/>
        <testcase name="testGetAllWorkers" file="/home/infy/cli/tests/unit/ApplicationTest.php" line="55" class="HighPerApp\HighPer\CLI\Tests\Unit\ApplicationTest" classname="HighPerApp.HighPer.CLI.Tests.Unit.ApplicationTest" assertions="3" time="0.000706"/>
        <testcase name="testConfigurationManagement" file="/home/infy/cli/tests/unit/ApplicationTest.php" line="30" class="HighPerApp\HighPer\CLI\Tests\Unit\ApplicationTest" classname="HighPerApp.HighPer.CLI.Tests.Unit.ApplicationTest" assertions="2" time="0.000363"/>
      </testsuite>
      <testsuite name="HighPerApp\HighPer\CLI\Tests\Unit\QueueWorkerTest" file="/home/infy/cli/tests/unit/QueueWorkerTest.php" tests="9" assertions="17" errors="0" failures="0" skipped="0" time="2.004651">
        <testcase name="testConfigurationMerging" file="/home/infy/cli/tests/unit/QueueWorkerTest.php" line="39" class="HighPerApp\HighPer\CLI\Tests\Unit\QueueWorkerTest" classname="HighPerApp.HighPer.CLI.Tests.Unit.QueueWorkerTest" assertions="3" time="0.000651"/>
        <testcase name="testMemoryLimitParsing" file="/home/infy/cli/tests/unit/QueueWorkerTest.php" line="59" class="HighPerApp\HighPer\CLI\Tests\Unit\QueueWorkerTest" classname="HighPerApp.HighPer.CLI.Tests.Unit.QueueWorkerTest" assertions="4" time="0.000272"/>
        <testcase name="testShouldRestartDueToJobLimit" file="/home/infy/cli/tests/unit/QueueWorkerTest.php" line="88" class="HighPerApp\HighPer\CLI\Tests\Unit\QueueWorkerTest" classname="HighPerApp.HighPer.CLI.Tests.Unit.QueueWorkerTest" assertions="1" time="0.000357"/>
        <testcase name="testStopWorker" file="/home/infy/cli/tests/unit/QueueWorkerTest.php" line="120" class="HighPerApp\HighPer\CLI\Tests\Unit\QueueWorkerTest" classname="HighPerApp.HighPer.CLI.Tests.Unit.QueueWorkerTest" assertions="2" time="0.000322"/>
        <testcase name="testStatusReporting" file="/home/infy/cli/tests/unit/QueueWorkerTest.php" line="135" class="HighPerApp\HighPer\CLI\Tests\Unit\QueueWorkerTest" classname="HighPerApp.HighPer.CLI.Tests.Unit.QueueWorkerTest" assertions="3" time="0.000521"/>
        <testcase name="testGetNextJobReturnsNull" file="/home/infy/cli/tests/unit/QueueWorkerTest.php" line="159" class="HighPerApp\HighPer\CLI\Tests\Unit\QueueWorkerTest" classname="HighPerApp.HighPer.CLI.Tests.Unit.QueueWorkerTest" assertions="1" time="0.000335"/>
        <testcase name="testWorkerCreation" file="/home/infy/cli/tests/unit/QueueWorkerTest.php" line="33" class="HighPerApp\HighPer\CLI\Tests\Unit\QueueWorkerTest" classname="HighPerApp.HighPer.CLI.Tests.Unit.QueueWorkerTest" assertions="1" time="0.000330"/>
        <testcase name="testShouldRestartDueToMemory" file="/home/infy/cli/tests/unit/QueueWorkerTest.php" line="73" class="HighPerApp\HighPer\CLI\Tests\Unit\QueueWorkerTest" classname="HighPerApp.HighPer.CLI.Tests.Unit.QueueWorkerTest" assertions="1" time="0.000374"/>
        <testcase name="testShouldRestartDueToTimeout" file="/home/infy/cli/tests/unit/QueueWorkerTest.php" line="105" class="HighPerApp\HighPer\CLI\Tests\Unit\QueueWorkerTest" classname="HighPerApp.HighPer.CLI.Tests.Unit.QueueWorkerTest" assertions="1" time="2.001489"/>
      </testsuite>
      <testsuite name="HighPerApp\HighPer\CLI\Tests\Unit\ScheduledTaskTest" file="/home/infy/cli/tests/unit/ScheduledTaskTest.php" tests="21" assertions="32" errors="0" failures="0" skipped="0" time="0.006740">
        <testcase name="testEveryFiveMinutes" file="/home/infy/cli/tests/unit/ScheduledTaskTest.php" line="44" class="HighPerApp\HighPer\CLI\Tests\Unit\ScheduledTaskTest" classname="HighPerApp.HighPer.CLI.Tests.Unit.ScheduledTaskTest" assertions="1" time="0.000974"/>
        <testcase name="testHourly" file="/home/infy/cli/tests/unit/ScheduledTaskTest.php" line="50" class="HighPerApp\HighPer\CLI\Tests\Unit\ScheduledTaskTest" classname="HighPerApp.HighPer.CLI.Tests.Unit.ScheduledTaskTest" assertions="1" time="0.000400"/>
        <testcase name="testDaily" file="/home/infy/cli/tests/unit/ScheduledTaskTest.php" line="56" class="HighPerApp\HighPer\CLI\Tests\Unit\ScheduledTaskTest" classname="HighPerApp.HighPer.CLI.Tests.Unit.ScheduledTaskTest" assertions="1" time="0.000399"/>
        <testcase name="testDailyAt" file="/home/infy/cli/tests/unit/ScheduledTaskTest.php" line="62" class="HighPerApp\HighPer\CLI\Tests\Unit\ScheduledTaskTest" classname="HighPerApp.HighPer.CLI.Tests.Unit.ScheduledTaskTest" assertions="1" time="0.000324"/>
        <testcase name="testWeekly" file="/home/infy/cli/tests/unit/ScheduledTaskTest.php" line="68" class="HighPerApp\HighPer\CLI\Tests\Unit\ScheduledTaskTest" classname="HighPerApp.HighPer.CLI.Tests.Unit.ScheduledTaskTest" assertions="1" time="0.000355"/>
        <testcase name="testMonthly" file="/home/infy/cli/tests/unit/ScheduledTaskTest.php" line="74" class="HighPerApp\HighPer\CLI\Tests\Unit\ScheduledTaskTest" classname="HighPerApp.HighPer.CLI.Tests.Unit.ScheduledTaskTest" assertions="1" time="0.000284"/>
        <testcase name="testDescription" file="/home/infy/cli/tests/unit/ScheduledTaskTest.php" line="80" class="HighPerApp\HighPer\CLI\Tests\Unit\ScheduledTaskTest" classname="HighPerApp.HighPer.CLI.Tests.Unit.ScheduledTaskTest" assertions="2" time="0.000556"/>
        <testcase name="testEnvironments" file="/home/infy/cli/tests/unit/ScheduledTaskTest.php" line="88" class="HighPerApp\HighPer\CLI\Tests\Unit\ScheduledTaskTest" classname="HighPerApp.HighPer.CLI.Tests.Unit.ScheduledTaskTest" assertions="2" time="0.000338"/>
        <testcase name="testWithoutOverlapping" file="/home/infy/cli/tests/unit/ScheduledTaskTest.php" line="97" class="HighPerApp\HighPer\CLI\Tests\Unit\ScheduledTaskTest" classname="HighPerApp.HighPer.CLI.Tests.Unit.ScheduledTaskTest" assertions="2" time="0.000253"/>
        <testcase name="testTimeout" file="/home/infy/cli/tests/unit/ScheduledTaskTest.php" line="105" class="HighPerApp\HighPer\CLI\Tests\Unit\ScheduledTaskTest" classname="HighPerApp.HighPer.CLI.Tests.Unit.ScheduledTaskTest" assertions="2" time="0.000249"/>
        <testcase name="testIsDueWithEnvironmentRestriction" file="/home/infy/cli/tests/unit/ScheduledTaskTest.php" line="121" class="HighPerApp\HighPer\CLI\Tests\Unit\ScheduledTaskTest" classname="HighPerApp.HighPer.CLI.Tests.Unit.ScheduledTaskTest" assertions="2" time="0.000402"/>
        <testcase name="testGetDescriptionWithCustom" file="/home/infy/cli/tests/unit/ScheduledTaskTest.php" line="139" class="HighPerApp\HighPer\CLI\Tests\Unit\ScheduledTaskTest" classname="HighPerApp.HighPer.CLI.Tests.Unit.ScheduledTaskTest" assertions="1" time="0.000257"/>
        <testcase name="testGetDescriptionForCommand" file="/home/infy/cli/tests/unit/ScheduledTaskTest.php" line="145" class="HighPerApp\HighPer\CLI\Tests\Unit\ScheduledTaskTest" classname="HighPerApp.HighPer.CLI.Tests.Unit.ScheduledTaskTest" assertions="1" time="0.000199"/>
        <testcase name="testGetDescriptionForJob" file="/home/infy/cli/tests/unit/ScheduledTaskTest.php" line="151" class="HighPerApp\HighPer\CLI\Tests\Unit\ScheduledTaskTest" classname="HighPerApp.HighPer.CLI.Tests.Unit.ScheduledTaskTest" assertions="1" time="0.000204"/>
        <testcase name="testGetDescriptionForCallable" file="/home/infy/cli/tests/unit/ScheduledTaskTest.php" line="157" class="HighPerApp\HighPer\CLI\Tests\Unit\ScheduledTaskTest" classname="HighPerApp.HighPer.CLI.Tests.Unit.ScheduledTaskTest" assertions="2" time="0.000215"/>
        <testcase name="testGetDescriptionForUnknownType" file="/home/infy/cli/tests/unit/ScheduledTaskTest.php" line="166" class="HighPerApp\HighPer\CLI\Tests\Unit\ScheduledTaskTest" classname="HighPerApp.HighPer.CLI.Tests.Unit.ScheduledTaskTest" assertions="1" time="0.000184"/>
        <testcase name="testTaskCreation" file="/home/infy/cli/tests/unit/ScheduledTaskTest.php" line="22" class="HighPerApp\HighPer\CLI\Tests\Unit\ScheduledTaskTest" classname="HighPerApp.HighPer.CLI.Tests.Unit.ScheduledTaskTest" assertions="4" time="0.000236"/>
        <testcase name="testEveryMinute" file="/home/infy/cli/tests/unit/ScheduledTaskTest.php" line="38" class="HighPerApp\HighPer\CLI\Tests\Unit\ScheduledTaskTest" classname="HighPerApp.HighPer.CLI.Tests.Unit.ScheduledTaskTest" assertions="1" time="0.000167"/>
        <testcase name="testIsDueEveryMinute" file="/home/infy/cli/tests/unit/ScheduledTaskTest.php" line="113" class="HighPerApp\HighPer\CLI\Tests\Unit\ScheduledTaskTest" classname="HighPerApp.HighPer.CLI.Tests.Unit.ScheduledTaskTest" assertions="1" time="0.000167"/>
        <testcase name="testIsDueWithSpecificTime" file="/home/infy/cli/tests/unit/ScheduledTaskTest.php" line="172" class="HighPerApp\HighPer\CLI\Tests\Unit\ScheduledTaskTest" classname="HighPerApp.HighPer.CLI.Tests.Unit.ScheduledTaskTest" assertions="2" time="0.000376"/>
        <testcase name="testCronExpression" file="/home/infy/cli/tests/unit/ScheduledTaskTest.php" line="30" class="HighPerApp\HighPer\CLI\Tests\Unit\ScheduledTaskTest" classname="HighPerApp.HighPer.CLI.Tests.Unit.ScheduledTaskTest" assertions="2" time="0.000201"/>
      </testsuite>
      <testsuite name="HighPerApp\HighPer\CLI\Tests\Unit\TaskSchedulerTest" file="/home/infy/cli/tests/unit/TaskSchedulerTest.php" tests="10" assertions="30" errors="0" failures="0" skipped="0" time="0.004976">
        <testcase name="testSchedulerCreation" file="/home/infy/cli/tests/unit/TaskSchedulerTest.php" line="43" class="HighPerApp\HighPer\CLI\Tests\Unit\TaskSchedulerTest" classname="HighPerApp.HighPer.CLI.Tests.Unit.TaskSchedulerTest" assertions="1" time="0.000915"/>
        <testcase name="testScheduleCommand" file="/home/infy/cli/tests/unit/TaskSchedulerTest.php" line="48" class="HighPerApp\HighPer\CLI\Tests\Unit\TaskSchedulerTest" classname="HighPerApp.HighPer.CLI.Tests.Unit.TaskSchedulerTest" assertions="3" time="0.000477"/>
        <testcase name="testScheduleCallable" file="/home/infy/cli/tests/unit/TaskSchedulerTest.php" line="57" class="HighPerApp\HighPer\CLI\Tests\Unit\TaskSchedulerTest" classname="HighPerApp.HighPer.CLI.Tests.Unit.TaskSchedulerTest" assertions="4" time="0.000545"/>
        <testcase name="testScheduleJob" file="/home/infy/cli/tests/unit/TaskSchedulerTest.php" line="68" class="HighPerApp\HighPer\CLI\Tests\Unit\TaskSchedulerTest" classname="HighPerApp.HighPer.CLI.Tests.Unit.TaskSchedulerTest" assertions="4" time="0.000485"/>
        <testcase name="testGetTasks" file="/home/infy/cli/tests/unit/TaskSchedulerTest.php" line="78" class="HighPerApp\HighPer\CLI\Tests\Unit\TaskSchedulerTest" classname="HighPerApp.HighPer.CLI.Tests.Unit.TaskSchedulerTest" assertions="1" time="0.000378"/>
        <testcase name="testGetDueTasks" file="/home/infy/cli/tests/unit/TaskSchedulerTest.php" line="110" class="HighPerApp\HighPer\CLI\Tests\Unit\TaskSchedulerTest" classname="HighPerApp.HighPer.CLI.Tests.Unit.TaskSchedulerTest" assertions="2" time="0.000374"/>
        <testcase name="testRunDueTasksWithCallable" file="/home/infy/cli/tests/unit/TaskSchedulerTest.php" line="120" class="HighPerApp\HighPer\CLI\Tests\Unit\TaskSchedulerTest" classname="HighPerApp.HighPer.CLI.Tests.Unit.TaskSchedulerTest" assertions="3" time="0.000417"/>
        <testcase name="testLockFileCreation" file="/home/infy/cli/tests/unit/TaskSchedulerTest.php" line="135" class="HighPerApp\HighPer\CLI\Tests\Unit\TaskSchedulerTest" classname="HighPerApp.HighPer.CLI.Tests.Unit.TaskSchedulerTest" assertions="2" time="0.000370"/>
        <testcase name="testScheduleFromConfig" file="/home/infy/cli/tests/unit/TaskSchedulerTest.php" line="87" class="HighPerApp\HighPer\CLI\Tests\Unit\TaskSchedulerTest" classname="HighPerApp.HighPer.CLI.Tests.Unit.TaskSchedulerTest" assertions="7" time="0.000516"/>
        <testcase name="testTaskOverlapPrevention" file="/home/infy/cli/tests/unit/TaskSchedulerTest.php" line="148" class="HighPerApp\HighPer\CLI\Tests\Unit\TaskSchedulerTest" classname="HighPerApp.HighPer.CLI.Tests.Unit.TaskSchedulerTest" assertions="3" time="0.000499"/>
      </testsuite>
    </testsuite>
  </testsuite>
</testsuites>
